\BOOKMARK [1][-]{section*.1}{\376\377\000I\000n\000t\000r\000o\000d\000u\000c\000t\000i\000o\000n}{}% 1
\BOOKMARK [1][-]{section*.2}{\376\377\000F\000o\000n\000c\000t\000i\000o\000n\000n\000e\000m\000e\000n\000t\000\040\000d\000e\000\040\000l\000'\000a\000l\000g\000o\000r\000i\000t\000h\000m\000e}{}% 2
\BOOKMARK [2][-]{subsection*.3}{\376\377\000F\000o\000n\000c\000t\000i\000o\000n\000n\000e\000m\000e\000n\000t\000\040\000d\000e\000\040\000l\000'\000a\000l\000g\000o\000r\000i\000t\000h\000m\000e\000\040\000d\000e\000\040\000P\000e\000r\000l\000i\000n}{section*.2}% 3
\BOOKMARK [3][-]{subsubsection*.4}{\376\377\000C\000e\000l\000l\000u\000l\000e\000s}{subsection*.3}% 4
\BOOKMARK [3][-]{subsubsection*.5}{\376\377\000V\000e\000c\000t\000e\000u\000r\000s\000\040\000d\000e\000\040\000g\000r\000a\000d\000i\000e\000n\000t}{subsection*.3}% 5
\BOOKMARK [3][-]{subsubsection*.6}{\376\377\000C\000a\000l\000c\000u\000l\000\040\000d\000e\000\040\000l\000a\000\040\000v\000a\000l\000e\000u\000r\000\040\000d\000e\000\040\000b\000r\000u\000i\000t}{subsection*.3}% 6
\BOOKMARK [3][-]{subsubsection*.7}{\376\377\000I\000n\000t\000e\000r\000p\000o\000l\000a\000t\000i\000o\000n}{subsection*.3}% 7
\BOOKMARK [1][-]{section*.8}{\376\377\000I\000m\000p\000l\000\351\000m\000e\000n\000t\000a\000t\000i\000o\000n}{}% 8
\BOOKMARK [2][-]{subsection*.9}{\376\377\000A\000l\000g\000o\000r\000i\000t\000h\000m\000e\000\040\000d\000e\000\040\000P\000e\000r\000l\000i\000n}{section*.8}% 9
\BOOKMARK [3][-]{subsubsection*.10}{\376\377\000S\000u\000r\000f\000a\000c\000e\000\040\000d\000e\000\040\000t\000r\000a\000v\000a\000i\000l}{subsection*.9}% 10
\BOOKMARK [3][-]{subsubsection*.11}{\376\377\000C\000e\000l\000l\000u\000l\000e\000s\000\040\000e\000t\000\040\000v\000e\000c\000t\000e\000u\000r\000s\000\040\000d\000e\000\040\000g\000r\000a\000d\000i\000e\000n\000t}{subsection*.9}% 11
\BOOKMARK [3][-]{subsubsection*.12}{\376\377\000T\000a\000b\000l\000e\000\040\000d\000e\000\040\000p\000e\000r\000m\000u\000t\000a\000t\000i\000o\000n\000s}{subsection*.9}% 12
\BOOKMARK [3][-]{subsubsection*.13}{\376\377\000I\000n\000t\000e\000r\000p\000o\000l\000a\000t\000i\000o\000n}{subsection*.9}% 13
\BOOKMARK [1][-]{section*.14}{\376\377\000P\000a\000r\000a\000m\000\350\000t\000r\000e\000s\000\040\000d\000e\000\040\000l\000'\000a\000l\000g\000o\000r\000i\000t\000h\000m\000e\000\040\000d\000e\000\040\000P\000e\000r\000l\000i\000n}{}% 14
\BOOKMARK [2][-]{subsection*.15}{\376\377\000A\000m\000p\000l\000i\000t\000u\000d\000e}{section*.14}% 15
\BOOKMARK [2][-]{subsection*.16}{\376\377\000R\000o\000t\000a\000t\000i\000o\000n\000\040\000d\000e\000s\000\040\000v\000e\000c\000t\000e\000u\000r\000s\000\040\000d\000e\000\040\000g\000r\000a\000d\000i\000e\000n\000t}{section*.14}% 16
\BOOKMARK [2][-]{subsection*.17}{\376\377\000N\000o\000m\000b\000r\000e\000\040\000d\000e\000\040\000c\000e\000l\000l\000u\000l\000e\000s}{section*.14}% 17
\BOOKMARK [2][-]{subsection*.18}{\376\377\000V\000a\000l\000e\000u\000r\000\040\000s\000e\000u\000i\000l}{section*.14}% 18
\BOOKMARK [2][-]{subsection*.19}{\376\377\000F\000r\000\351\000q\000u\000e\000n\000c\000e}{section*.14}% 19
\BOOKMARK [3][-]{subsubsection*.20}{\376\377\000C\000a\000s\000\040\000l\000i\000m\000i\000t\000e\000s}{subsection*.19}% 20
\BOOKMARK [3][-]{subsubsection*.21}{\376\377\000R\000e\000m\000a\000r\000q\000u\000e}{subsection*.19}% 21
\BOOKMARK [1][-]{section*.22}{\376\377\000E\000x\000t\000e\000n\000s\000i\000o\000n\000s}{}% 22
\BOOKMARK [2][-]{subsection*.23}{\376\377\000M\000o\000u\000v\000e\000m\000e\000n\000t\000\040\000b\000r\000o\000w\000n\000i\000e\000n\000\040\000f\000r\000a\000c\000t\000a\000l}{section*.22}% 23
\BOOKMARK [3][-]{subsubsection*.24}{\376\377\000O\000b\000s\000e\000r\000v\000a\000t\000i\000o\000n}{subsection*.23}% 24
\BOOKMARK [3][-]{subsubsection*.25}{\376\377\000I\000n\000t\000e\000r\000p\000r\000\351\000t\000a\000t\000i\000o\000n}{subsection*.23}% 25
\BOOKMARK [2][-]{subsection*.26}{\376\377\000R\000\351\000a\000p\000p\000l\000i\000c\000a\000t\000i\000o\000n\000\040\000d\000e\000\040\000P\000e\000r\000l\000i\000n}{section*.22}% 26
\BOOKMARK [1][-]{section*.27}{\376\377\000C\000o\000n\000c\000l\000u\000s\000i\000o\000n}{}% 27
\BOOKMARK [1][-]{section*.28}{\376\377\000A\000n\000n\000e\000x\000e\000s}{}% 28
\BOOKMARK [2][-]{subsection*.29}{\376\377\000I\000m\000a\000g\000e\000s}{section*.28}% 29
